# Time-averaged data for fix 1
# TimeStep Number-of-rows
# Row c_myChunk[1] c_myChunk[2] c_myChunk[3] c_myChunk[4]
0 2
1 0.417 0 -0.417 0.589727
2 0.417 0 0.417 0.589727
1 2
1 0.410805 0 -0.411091 0.581168
2 0.410805 0 0.411091 0.581168
2 2
1 0.394446 0 -0.395497 0.558574
2 0.394446 0 0.395497 0.558574
3 2
1 0.373526 0 -0.375588 0.529705
2 0.373526 0 0.375588 0.529705
4 2
1 0.354355 0 -0.357418 0.503304
2 0.354355 0 0.357418 0.503304
5 2
1 0.341112 0 -0.345013 0.485171
2 0.341112 0 0.345013 0.485171
6 2
1 0.334266 0 -0.338853 0.475978
2 0.334266 0 0.338853 0.475978
7.5 2
1 0.330921 0 -0.336205 0.471744
2 0.330921 0 0.336205 0.471744
8 2
1 0.326716 0 -0.332914 0.46645
2 0.326716 0 0.332914 0.46645
9 2
1 0.31831 0 -0.325377 0.455183
2 0.31831 0 0.325377 0.455183
10 2
1 0.305023 0 -0.312964 0.437019
2 0.305023 0 0.312964 0.437019
11 2
1 0.289353 0 -0.298141 0.415468
2 0.289353 0 0.298141 0.415468
12 2
1 0.275966 0 -0.285508 0.397079
2 0.275966 0 0.285508 0.397079
13 2
1 0.269742 0 -0.279925 0.38874
2 0.269742 0 0.279925 0.38874
14 2
1 0.273683 0 -0.284848 0.39502
2 0.273683 0 0.284848 0.39502
15 2
1 0.287707 0 -0.300285 0.415868
2 0.287707 0 0.300285 0.415868
16 2
1 0.308404 0 -0.322887 0.446507
2 0.308404 0 0.322887 0.446507
17 2
1 0.330166 0 -0.347007 0.478981
2 0.330166 0 0.347007 0.478981
18 2
1 0.34733 0 -0.366837 0.505181
2 0.34733 0 0.366837 0.505181
19 2
1 0.356505 0 -0.378786 0.520168
2 0.356505 0 0.378786 0.520168
20 2
1 0.357958 0 -0.38299 0.524228
2 0.357958 0 0.38299 0.524228
